<?xml version="1.0" encoding="UTF-8"?>
<!-- Generated by org.testng.reporters.JUnitXMLReporter -->
<testsuite ignored="0" hostname="Austrax-Lap40" failures="0" tests="3" name="Default test" time="346.722" errors="0" timestamp="19 Feb 2023 14:39:56 GMT">
  <testcase classname="com.booking.qa.testcases.FlightSelectionPageTest" name="FlightBooking" time="115.047"/>
  <testcase classname="com.booking.qa.testcases.FlightSelectionPageTest" name="FlightBooking1" time="104.45"/>
  <testcase classname="com.booking.qa.testcases.FlightSelectionPageTest" name="FlightBooking2" time="106.914"/>
</testsuite> <!-- Default test -->
