<?xml version="1.0" encoding="UTF-8"?>
<testng-results ignored="0" total="3" passed="3" failed="0" skipped="0">
  <reporter-output>
  </reporter-output>
  <suite started-at="2023-02-19T14:34:10Z" name="Default suite" finished-at="2023-02-19T14:39:56Z" duration-ms="346722">
    <groups>
    </groups>
    <test started-at="2023-02-19T14:34:10Z" name="Default test" finished-at="2023-02-19T14:39:56Z" duration-ms="346722">
      <class name="com.booking.qa.testcases.FlightSelectionPageTest">
        <test-method is-config="true" signature="setUp()[pri:0, instance:com.booking.qa.testcases.FlightSelectionPageTest@1bd39d3c]" started-at="2023-02-19T14:34:10Z" name="setUp" finished-at="2023-02-19T14:34:16Z" duration-ms="6122" status="PASS">
          <reporter-output>
          </reporter-output>
        </test-method> <!-- setUp -->
        <test-method signature="FlightBooking()[pri:0, instance:com.booking.qa.testcases.FlightSelectionPageTest@1bd39d3c]" started-at="2023-02-19T14:34:16Z" name="FlightBooking" finished-at="2023-02-19T14:36:11Z" duration-ms="115047" status="PASS">
          <reporter-output>
          </reporter-output>
        </test-method> <!-- FlightBooking -->
        <test-method is-config="true" signature="tearDown()[pri:0, instance:com.booking.qa.testcases.FlightSelectionPageTest@1bd39d3c]" started-at="2023-02-19T14:36:11Z" name="tearDown" finished-at="2023-02-19T14:36:12Z" duration-ms="1165" status="PASS">
          <reporter-output>
          </reporter-output>
        </test-method> <!-- tearDown -->
        <test-method is-config="true" signature="setUp()[pri:0, instance:com.booking.qa.testcases.FlightSelectionPageTest@1bd39d3c]" started-at="2023-02-19T14:36:12Z" name="setUp" finished-at="2023-02-19T14:36:17Z" duration-ms="5126" status="PASS">
          <reporter-output>
          </reporter-output>
        </test-method> <!-- setUp -->
        <test-method signature="FlightBooking1()[pri:0, instance:com.booking.qa.testcases.FlightSelectionPageTest@1bd39d3c]" started-at="2023-02-19T14:36:17Z" name="FlightBooking1" finished-at="2023-02-19T14:38:01Z" duration-ms="104450" status="PASS">
          <reporter-output>
          </reporter-output>
        </test-method> <!-- FlightBooking1 -->
        <test-method is-config="true" signature="tearDown()[pri:0, instance:com.booking.qa.testcases.FlightSelectionPageTest@1bd39d3c]" started-at="2023-02-19T14:38:01Z" name="tearDown" finished-at="2023-02-19T14:38:03Z" duration-ms="1163" status="PASS">
          <reporter-output>
          </reporter-output>
        </test-method> <!-- tearDown -->
        <test-method is-config="true" signature="setUp()[pri:0, instance:com.booking.qa.testcases.FlightSelectionPageTest@1bd39d3c]" started-at="2023-02-19T14:38:03Z" name="setUp" finished-at="2023-02-19T14:38:08Z" duration-ms="5561" status="PASS">
          <reporter-output>
          </reporter-output>
        </test-method> <!-- setUp -->
        <test-method signature="FlightBooking2()[pri:0, instance:com.booking.qa.testcases.FlightSelectionPageTest@1bd39d3c]" started-at="2023-02-19T14:38:08Z" name="FlightBooking2" finished-at="2023-02-19T14:39:55Z" duration-ms="106914" status="PASS">
          <reporter-output>
          </reporter-output>
        </test-method> <!-- FlightBooking2 -->
        <test-method is-config="true" signature="tearDown()[pri:0, instance:com.booking.qa.testcases.FlightSelectionPageTest@1bd39d3c]" started-at="2023-02-19T14:39:55Z" name="tearDown" finished-at="2023-02-19T14:39:56Z" duration-ms="1131" status="PASS">
          <reporter-output>
          </reporter-output>
        </test-method> <!-- tearDown -->
      </class> <!-- com.booking.qa.testcases.FlightSelectionPageTest -->
    </test> <!-- Default test -->
  </suite> <!-- Default suite -->
</testng-results>
